<?xml version="1.0" encoding="UTF-8"?>
<testsuite xmlns:xsi="http://www.w3.org/2001/XMLSchema-instance" xsi:noNamespaceSchemaLocation="https://maven.apache.org/surefire/maven-surefire-plugin/xsd/surefire-test-report-3.0.xsd" version="3.0" name="br.pucrs.microdemo.eureka.EurekaServerApplicationTests" time="1.422" tests="1" errors="0" skipped="0" failures="0">
  <properties>
[...]
</properties>
  <testcase name="contextLoads" classname="br.pucrs.microdemo.eureka.EurekaServerApplicationTests" time="0.341">
    <system-out><![CDATA[22:17:47.517 [main] INFO org.springframework.test.context.support.AnnotationConfigContextLoaderUtils -- Could not detect default configuration classes for test class [br.pucrs.microdemo.eureka.EurekaServerApplicationTests]: EurekaServerApplicationTests does not declare any static, non-private, non-final, nested classes annotated with @Configuration.
22:17:47.548 [main] INFO org.springframework.boot.test.context.SpringBootTestContextBootstrapper -- Found @SpringBootConfiguration br.pucrs.microdemo.eureka.EurekaServerApplication for test class br.pucrs.microdemo.eureka.EurekaServerApplicationTests

  .   ____          _            __ _ _
 /\\ / ___'_ __ _ _(_)_ __  __ _ \ \ \ \
( ( )\___ | '_ | '_| | '_ \/ _` | \ \ \ \
 \\/  ___)| |_)| | | | | || (_| |  ) ) ) )
  '  |____| .__|_| |_|_| |_\__, | / / / /
 =========|_|==============|___/=/_/_/_/
 :: Spring Boot ::                (v3.1.0)

2026-04-22T22:17:47.672-03:00  INFO 13009 --- [           main] b.p.m.e.EurekaServerApplicationTests     : Starting EurekaServerApplicationTests using Java 25 with PID 13009 (started by stefanreiznauttchagas in /Users/stefanreiznauttchagas/Pucrs/Construção de software/spring-microservices-demo/eureka-server)
2026-04-22T22:17:47.673-03:00  INFO 13009 --- [           main] b.p.m.e.EurekaServerApplicationTests     : No active profile set, falling back to 1 default profile: "default"
2026-04-22T22:17:47.931-03:00  INFO 13009 --- [           main] o.s.cloud.context.scope.GenericScope     : BeanFactory id=89a91f2d-d9a6-3db5-be2f-b344405eec54
2026-04-22T22:17:48.276-03:00  WARN 13009 --- [           main] iguration$LoadBalancerCaffeineWarnLogger : Spring Cloud LoadBalancer is currently working with the default cache. While this cache implementation is useful for development and tests, it's recommended to use Caffeine cache in production.You can switch to using Caffeine cache, by adding it and org.springframework.cache.caffeine.CaffeineCacheManager to the classpath.
2026-04-22T22:17:48.366-03:00  INFO 13009 --- [           main] o.s.c.n.eureka.InstanceInfoFactory       : Setting initial instance status as: STARTING
2026-04-22T22:17:48.373-03:00  INFO 13009 --- [           main] com.netflix.discovery.DiscoveryClient    : Initializing Eureka in region us-east-1
2026-04-22T22:17:48.373-03:00  INFO 13009 --- [           main] com.netflix.discovery.DiscoveryClient    : Client configured to neither register nor query for data.
2026-04-22T22:17:48.375-03:00  INFO 13009 --- [           main] com.netflix.discovery.DiscoveryClient    : Discovery Client initialized at timestamp 1776907068375 with initial instances count: 0
2026-04-22T22:17:48.386-03:00  INFO 13009 --- [           main] c.n.eureka.DefaultEurekaServerContext    : Initializing ...
2026-04-22T22:17:48.387-03:00  INFO 13009 --- [           main] c.n.eureka.cluster.PeerEurekaNodes       : Adding new peer nodes [http://localhost:8761/eureka/]
2026-04-22T22:17:48.436-03:00  INFO 13009 --- [           main] c.n.d.provider.DiscoveryJerseyProvider   : Using JSON encoding codec LegacyJacksonJson
2026-04-22T22:17:48.436-03:00  INFO 13009 --- [           main] c.n.d.provider.DiscoveryJerseyProvider   : Using JSON decoding codec LegacyJacksonJson
2026-04-22T22:17:48.436-03:00  INFO 13009 --- [           main] c.n.d.provider.DiscoveryJerseyProvider   : Using XML encoding codec XStreamXml
2026-04-22T22:17:48.436-03:00  INFO 13009 --- [           main] c.n.d.provider.DiscoveryJerseyProvider   : Using XML decoding codec XStreamXml
2026-04-22T22:17:48.488-03:00  INFO 13009 --- [           main] c.n.eureka.cluster.PeerEurekaNodes       : Replica node URL:  http://localhost:8761/eureka/
2026-04-22T22:17:48.490-03:00  INFO 13009 --- [           main] c.n.e.registry.AbstractInstanceRegistry  : Finished initializing remote region registries. All known remote regions: []
2026-04-22T22:17:48.490-03:00  INFO 13009 --- [           main] c.n.eureka.DefaultEurekaServerContext    : Initialized
2026-04-22T22:17:48.521-03:00  INFO 13009 --- [           main] o.s.b.a.e.web.EndpointLinksResolver      : Exposing 1 endpoint(s) beneath base path '/actuator'
2026-04-22T22:17:48.544-03:00  INFO 13009 --- [      Thread-10] o.s.c.n.e.server.EurekaServerBootstrap   : isAws returned false
2026-04-22T22:17:48.544-03:00  INFO 13009 --- [      Thread-10] o.s.c.n.e.server.EurekaServerBootstrap   : Initialized server context
2026-04-22T22:17:48.544-03:00  INFO 13009 --- [      Thread-10] c.n.e.r.PeerAwareInstanceRegistryImpl    : Got 1 instances from neighboring DS node
2026-04-22T22:17:48.544-03:00  INFO 13009 --- [      Thread-10] c.n.e.r.PeerAwareInstanceRegistryImpl    : Renew threshold is: 1
2026-04-22T22:17:48.544-03:00  INFO 13009 --- [      Thread-10] c.n.e.r.PeerAwareInstanceRegistryImpl    : Changing status to UP
2026-04-22T22:17:48.547-03:00  INFO 13009 --- [      Thread-10] e.s.EurekaServerInitializerConfiguration : Started Eureka Server
2026-04-22T22:17:48.553-03:00  INFO 13009 --- [           main] b.p.m.e.EurekaServerApplicationTests     : Started EurekaServerApplicationTests in 0.968 seconds (process running for 1.239)
]]></system-out>
    <system-err><![CDATA[WARNING: A Java agent has been loaded dynamically (/Users/stefanreiznauttchagas/.m2/repository/net/bytebuddy/byte-buddy-agent/1.14.4/byte-buddy-agent-1.14.4.jar)
WARNING: If a serviceability tool is in use, please run with -XX:+EnableDynamicAgentLoading to hide this warning
WARNING: If a serviceability tool is not in use, please run with -Djdk.instrument.traceUsage for more information
WARNING: Dynamic loading of agents will be disallowed by default in a future release
]]></system-err>
  </testcase>
</testsuite>